G75*
%MOIN*%
%OFA0B0*%
%FSLAX25Y25*%
%IPPOS*%
%LPD*%
%AMOC8*
5,1,8,0,0,1.08239X$1,22.5*
%
%ADD10C,0.00000*%
D10*
X0001500Y0001500D02*
X0001500Y0284965D01*
X0094020Y0284965D01*
X0094020Y0001500D01*
X0001500Y0001500D01*
X0007012Y0013311D02*
X0007014Y0013469D01*
X0007020Y0013627D01*
X0007030Y0013785D01*
X0007044Y0013943D01*
X0007062Y0014100D01*
X0007083Y0014257D01*
X0007109Y0014413D01*
X0007139Y0014569D01*
X0007172Y0014724D01*
X0007210Y0014877D01*
X0007251Y0015030D01*
X0007296Y0015182D01*
X0007345Y0015333D01*
X0007398Y0015482D01*
X0007454Y0015630D01*
X0007514Y0015776D01*
X0007578Y0015921D01*
X0007646Y0016064D01*
X0007717Y0016206D01*
X0007791Y0016346D01*
X0007869Y0016483D01*
X0007951Y0016619D01*
X0008035Y0016753D01*
X0008124Y0016884D01*
X0008215Y0017013D01*
X0008310Y0017140D01*
X0008407Y0017265D01*
X0008508Y0017387D01*
X0008612Y0017506D01*
X0008719Y0017623D01*
X0008829Y0017737D01*
X0008942Y0017848D01*
X0009057Y0017957D01*
X0009175Y0018062D01*
X0009296Y0018164D01*
X0009419Y0018264D01*
X0009545Y0018360D01*
X0009673Y0018453D01*
X0009803Y0018543D01*
X0009936Y0018629D01*
X0010071Y0018713D01*
X0010207Y0018792D01*
X0010346Y0018869D01*
X0010487Y0018941D01*
X0010629Y0019011D01*
X0010773Y0019076D01*
X0010919Y0019138D01*
X0011066Y0019196D01*
X0011215Y0019251D01*
X0011365Y0019302D01*
X0011516Y0019349D01*
X0011668Y0019392D01*
X0011821Y0019431D01*
X0011976Y0019467D01*
X0012131Y0019498D01*
X0012287Y0019526D01*
X0012443Y0019550D01*
X0012600Y0019570D01*
X0012758Y0019586D01*
X0012915Y0019598D01*
X0013074Y0019606D01*
X0013232Y0019610D01*
X0013390Y0019610D01*
X0013548Y0019606D01*
X0013707Y0019598D01*
X0013864Y0019586D01*
X0014022Y0019570D01*
X0014179Y0019550D01*
X0014335Y0019526D01*
X0014491Y0019498D01*
X0014646Y0019467D01*
X0014801Y0019431D01*
X0014954Y0019392D01*
X0015106Y0019349D01*
X0015257Y0019302D01*
X0015407Y0019251D01*
X0015556Y0019196D01*
X0015703Y0019138D01*
X0015849Y0019076D01*
X0015993Y0019011D01*
X0016135Y0018941D01*
X0016276Y0018869D01*
X0016415Y0018792D01*
X0016551Y0018713D01*
X0016686Y0018629D01*
X0016819Y0018543D01*
X0016949Y0018453D01*
X0017077Y0018360D01*
X0017203Y0018264D01*
X0017326Y0018164D01*
X0017447Y0018062D01*
X0017565Y0017957D01*
X0017680Y0017848D01*
X0017793Y0017737D01*
X0017903Y0017623D01*
X0018010Y0017506D01*
X0018114Y0017387D01*
X0018215Y0017265D01*
X0018312Y0017140D01*
X0018407Y0017013D01*
X0018498Y0016884D01*
X0018587Y0016753D01*
X0018671Y0016619D01*
X0018753Y0016483D01*
X0018831Y0016346D01*
X0018905Y0016206D01*
X0018976Y0016064D01*
X0019044Y0015921D01*
X0019108Y0015776D01*
X0019168Y0015630D01*
X0019224Y0015482D01*
X0019277Y0015333D01*
X0019326Y0015182D01*
X0019371Y0015030D01*
X0019412Y0014877D01*
X0019450Y0014724D01*
X0019483Y0014569D01*
X0019513Y0014413D01*
X0019539Y0014257D01*
X0019560Y0014100D01*
X0019578Y0013943D01*
X0019592Y0013785D01*
X0019602Y0013627D01*
X0019608Y0013469D01*
X0019610Y0013311D01*
X0019608Y0013153D01*
X0019602Y0012995D01*
X0019592Y0012837D01*
X0019578Y0012679D01*
X0019560Y0012522D01*
X0019539Y0012365D01*
X0019513Y0012209D01*
X0019483Y0012053D01*
X0019450Y0011898D01*
X0019412Y0011745D01*
X0019371Y0011592D01*
X0019326Y0011440D01*
X0019277Y0011289D01*
X0019224Y0011140D01*
X0019168Y0010992D01*
X0019108Y0010846D01*
X0019044Y0010701D01*
X0018976Y0010558D01*
X0018905Y0010416D01*
X0018831Y0010276D01*
X0018753Y0010139D01*
X0018671Y0010003D01*
X0018587Y0009869D01*
X0018498Y0009738D01*
X0018407Y0009609D01*
X0018312Y0009482D01*
X0018215Y0009357D01*
X0018114Y0009235D01*
X0018010Y0009116D01*
X0017903Y0008999D01*
X0017793Y0008885D01*
X0017680Y0008774D01*
X0017565Y0008665D01*
X0017447Y0008560D01*
X0017326Y0008458D01*
X0017203Y0008358D01*
X0017077Y0008262D01*
X0016949Y0008169D01*
X0016819Y0008079D01*
X0016686Y0007993D01*
X0016551Y0007909D01*
X0016415Y0007830D01*
X0016276Y0007753D01*
X0016135Y0007681D01*
X0015993Y0007611D01*
X0015849Y0007546D01*
X0015703Y0007484D01*
X0015556Y0007426D01*
X0015407Y0007371D01*
X0015257Y0007320D01*
X0015106Y0007273D01*
X0014954Y0007230D01*
X0014801Y0007191D01*
X0014646Y0007155D01*
X0014491Y0007124D01*
X0014335Y0007096D01*
X0014179Y0007072D01*
X0014022Y0007052D01*
X0013864Y0007036D01*
X0013707Y0007024D01*
X0013548Y0007016D01*
X0013390Y0007012D01*
X0013232Y0007012D01*
X0013074Y0007016D01*
X0012915Y0007024D01*
X0012758Y0007036D01*
X0012600Y0007052D01*
X0012443Y0007072D01*
X0012287Y0007096D01*
X0012131Y0007124D01*
X0011976Y0007155D01*
X0011821Y0007191D01*
X0011668Y0007230D01*
X0011516Y0007273D01*
X0011365Y0007320D01*
X0011215Y0007371D01*
X0011066Y0007426D01*
X0010919Y0007484D01*
X0010773Y0007546D01*
X0010629Y0007611D01*
X0010487Y0007681D01*
X0010346Y0007753D01*
X0010207Y0007830D01*
X0010071Y0007909D01*
X0009936Y0007993D01*
X0009803Y0008079D01*
X0009673Y0008169D01*
X0009545Y0008262D01*
X0009419Y0008358D01*
X0009296Y0008458D01*
X0009175Y0008560D01*
X0009057Y0008665D01*
X0008942Y0008774D01*
X0008829Y0008885D01*
X0008719Y0008999D01*
X0008612Y0009116D01*
X0008508Y0009235D01*
X0008407Y0009357D01*
X0008310Y0009482D01*
X0008215Y0009609D01*
X0008124Y0009738D01*
X0008035Y0009869D01*
X0007951Y0010003D01*
X0007869Y0010139D01*
X0007791Y0010276D01*
X0007717Y0010416D01*
X0007646Y0010558D01*
X0007578Y0010701D01*
X0007514Y0010846D01*
X0007454Y0010992D01*
X0007398Y0011140D01*
X0007345Y0011289D01*
X0007296Y0011440D01*
X0007251Y0011592D01*
X0007210Y0011745D01*
X0007172Y0011898D01*
X0007139Y0012053D01*
X0007109Y0012209D01*
X0007083Y0012365D01*
X0007062Y0012522D01*
X0007044Y0012679D01*
X0007030Y0012837D01*
X0007020Y0012995D01*
X0007014Y0013153D01*
X0007012Y0013311D01*
X0075910Y0013311D02*
X0075912Y0013469D01*
X0075918Y0013627D01*
X0075928Y0013785D01*
X0075942Y0013943D01*
X0075960Y0014100D01*
X0075981Y0014257D01*
X0076007Y0014413D01*
X0076037Y0014569D01*
X0076070Y0014724D01*
X0076108Y0014877D01*
X0076149Y0015030D01*
X0076194Y0015182D01*
X0076243Y0015333D01*
X0076296Y0015482D01*
X0076352Y0015630D01*
X0076412Y0015776D01*
X0076476Y0015921D01*
X0076544Y0016064D01*
X0076615Y0016206D01*
X0076689Y0016346D01*
X0076767Y0016483D01*
X0076849Y0016619D01*
X0076933Y0016753D01*
X0077022Y0016884D01*
X0077113Y0017013D01*
X0077208Y0017140D01*
X0077305Y0017265D01*
X0077406Y0017387D01*
X0077510Y0017506D01*
X0077617Y0017623D01*
X0077727Y0017737D01*
X0077840Y0017848D01*
X0077955Y0017957D01*
X0078073Y0018062D01*
X0078194Y0018164D01*
X0078317Y0018264D01*
X0078443Y0018360D01*
X0078571Y0018453D01*
X0078701Y0018543D01*
X0078834Y0018629D01*
X0078969Y0018713D01*
X0079105Y0018792D01*
X0079244Y0018869D01*
X0079385Y0018941D01*
X0079527Y0019011D01*
X0079671Y0019076D01*
X0079817Y0019138D01*
X0079964Y0019196D01*
X0080113Y0019251D01*
X0080263Y0019302D01*
X0080414Y0019349D01*
X0080566Y0019392D01*
X0080719Y0019431D01*
X0080874Y0019467D01*
X0081029Y0019498D01*
X0081185Y0019526D01*
X0081341Y0019550D01*
X0081498Y0019570D01*
X0081656Y0019586D01*
X0081813Y0019598D01*
X0081972Y0019606D01*
X0082130Y0019610D01*
X0082288Y0019610D01*
X0082446Y0019606D01*
X0082605Y0019598D01*
X0082762Y0019586D01*
X0082920Y0019570D01*
X0083077Y0019550D01*
X0083233Y0019526D01*
X0083389Y0019498D01*
X0083544Y0019467D01*
X0083699Y0019431D01*
X0083852Y0019392D01*
X0084004Y0019349D01*
X0084155Y0019302D01*
X0084305Y0019251D01*
X0084454Y0019196D01*
X0084601Y0019138D01*
X0084747Y0019076D01*
X0084891Y0019011D01*
X0085033Y0018941D01*
X0085174Y0018869D01*
X0085313Y0018792D01*
X0085449Y0018713D01*
X0085584Y0018629D01*
X0085717Y0018543D01*
X0085847Y0018453D01*
X0085975Y0018360D01*
X0086101Y0018264D01*
X0086224Y0018164D01*
X0086345Y0018062D01*
X0086463Y0017957D01*
X0086578Y0017848D01*
X0086691Y0017737D01*
X0086801Y0017623D01*
X0086908Y0017506D01*
X0087012Y0017387D01*
X0087113Y0017265D01*
X0087210Y0017140D01*
X0087305Y0017013D01*
X0087396Y0016884D01*
X0087485Y0016753D01*
X0087569Y0016619D01*
X0087651Y0016483D01*
X0087729Y0016346D01*
X0087803Y0016206D01*
X0087874Y0016064D01*
X0087942Y0015921D01*
X0088006Y0015776D01*
X0088066Y0015630D01*
X0088122Y0015482D01*
X0088175Y0015333D01*
X0088224Y0015182D01*
X0088269Y0015030D01*
X0088310Y0014877D01*
X0088348Y0014724D01*
X0088381Y0014569D01*
X0088411Y0014413D01*
X0088437Y0014257D01*
X0088458Y0014100D01*
X0088476Y0013943D01*
X0088490Y0013785D01*
X0088500Y0013627D01*
X0088506Y0013469D01*
X0088508Y0013311D01*
X0088506Y0013153D01*
X0088500Y0012995D01*
X0088490Y0012837D01*
X0088476Y0012679D01*
X0088458Y0012522D01*
X0088437Y0012365D01*
X0088411Y0012209D01*
X0088381Y0012053D01*
X0088348Y0011898D01*
X0088310Y0011745D01*
X0088269Y0011592D01*
X0088224Y0011440D01*
X0088175Y0011289D01*
X0088122Y0011140D01*
X0088066Y0010992D01*
X0088006Y0010846D01*
X0087942Y0010701D01*
X0087874Y0010558D01*
X0087803Y0010416D01*
X0087729Y0010276D01*
X0087651Y0010139D01*
X0087569Y0010003D01*
X0087485Y0009869D01*
X0087396Y0009738D01*
X0087305Y0009609D01*
X0087210Y0009482D01*
X0087113Y0009357D01*
X0087012Y0009235D01*
X0086908Y0009116D01*
X0086801Y0008999D01*
X0086691Y0008885D01*
X0086578Y0008774D01*
X0086463Y0008665D01*
X0086345Y0008560D01*
X0086224Y0008458D01*
X0086101Y0008358D01*
X0085975Y0008262D01*
X0085847Y0008169D01*
X0085717Y0008079D01*
X0085584Y0007993D01*
X0085449Y0007909D01*
X0085313Y0007830D01*
X0085174Y0007753D01*
X0085033Y0007681D01*
X0084891Y0007611D01*
X0084747Y0007546D01*
X0084601Y0007484D01*
X0084454Y0007426D01*
X0084305Y0007371D01*
X0084155Y0007320D01*
X0084004Y0007273D01*
X0083852Y0007230D01*
X0083699Y0007191D01*
X0083544Y0007155D01*
X0083389Y0007124D01*
X0083233Y0007096D01*
X0083077Y0007072D01*
X0082920Y0007052D01*
X0082762Y0007036D01*
X0082605Y0007024D01*
X0082446Y0007016D01*
X0082288Y0007012D01*
X0082130Y0007012D01*
X0081972Y0007016D01*
X0081813Y0007024D01*
X0081656Y0007036D01*
X0081498Y0007052D01*
X0081341Y0007072D01*
X0081185Y0007096D01*
X0081029Y0007124D01*
X0080874Y0007155D01*
X0080719Y0007191D01*
X0080566Y0007230D01*
X0080414Y0007273D01*
X0080263Y0007320D01*
X0080113Y0007371D01*
X0079964Y0007426D01*
X0079817Y0007484D01*
X0079671Y0007546D01*
X0079527Y0007611D01*
X0079385Y0007681D01*
X0079244Y0007753D01*
X0079105Y0007830D01*
X0078969Y0007909D01*
X0078834Y0007993D01*
X0078701Y0008079D01*
X0078571Y0008169D01*
X0078443Y0008262D01*
X0078317Y0008358D01*
X0078194Y0008458D01*
X0078073Y0008560D01*
X0077955Y0008665D01*
X0077840Y0008774D01*
X0077727Y0008885D01*
X0077617Y0008999D01*
X0077510Y0009116D01*
X0077406Y0009235D01*
X0077305Y0009357D01*
X0077208Y0009482D01*
X0077113Y0009609D01*
X0077022Y0009738D01*
X0076933Y0009869D01*
X0076849Y0010003D01*
X0076767Y0010139D01*
X0076689Y0010276D01*
X0076615Y0010416D01*
X0076544Y0010558D01*
X0076476Y0010701D01*
X0076412Y0010846D01*
X0076352Y0010992D01*
X0076296Y0011140D01*
X0076243Y0011289D01*
X0076194Y0011440D01*
X0076149Y0011592D01*
X0076108Y0011745D01*
X0076070Y0011898D01*
X0076037Y0012053D01*
X0076007Y0012209D01*
X0075981Y0012365D01*
X0075960Y0012522D01*
X0075942Y0012679D01*
X0075928Y0012837D01*
X0075918Y0012995D01*
X0075912Y0013153D01*
X0075910Y0013311D01*
X0075910Y0273154D02*
X0075912Y0273312D01*
X0075918Y0273470D01*
X0075928Y0273628D01*
X0075942Y0273786D01*
X0075960Y0273943D01*
X0075981Y0274100D01*
X0076007Y0274256D01*
X0076037Y0274412D01*
X0076070Y0274567D01*
X0076108Y0274720D01*
X0076149Y0274873D01*
X0076194Y0275025D01*
X0076243Y0275176D01*
X0076296Y0275325D01*
X0076352Y0275473D01*
X0076412Y0275619D01*
X0076476Y0275764D01*
X0076544Y0275907D01*
X0076615Y0276049D01*
X0076689Y0276189D01*
X0076767Y0276326D01*
X0076849Y0276462D01*
X0076933Y0276596D01*
X0077022Y0276727D01*
X0077113Y0276856D01*
X0077208Y0276983D01*
X0077305Y0277108D01*
X0077406Y0277230D01*
X0077510Y0277349D01*
X0077617Y0277466D01*
X0077727Y0277580D01*
X0077840Y0277691D01*
X0077955Y0277800D01*
X0078073Y0277905D01*
X0078194Y0278007D01*
X0078317Y0278107D01*
X0078443Y0278203D01*
X0078571Y0278296D01*
X0078701Y0278386D01*
X0078834Y0278472D01*
X0078969Y0278556D01*
X0079105Y0278635D01*
X0079244Y0278712D01*
X0079385Y0278784D01*
X0079527Y0278854D01*
X0079671Y0278919D01*
X0079817Y0278981D01*
X0079964Y0279039D01*
X0080113Y0279094D01*
X0080263Y0279145D01*
X0080414Y0279192D01*
X0080566Y0279235D01*
X0080719Y0279274D01*
X0080874Y0279310D01*
X0081029Y0279341D01*
X0081185Y0279369D01*
X0081341Y0279393D01*
X0081498Y0279413D01*
X0081656Y0279429D01*
X0081813Y0279441D01*
X0081972Y0279449D01*
X0082130Y0279453D01*
X0082288Y0279453D01*
X0082446Y0279449D01*
X0082605Y0279441D01*
X0082762Y0279429D01*
X0082920Y0279413D01*
X0083077Y0279393D01*
X0083233Y0279369D01*
X0083389Y0279341D01*
X0083544Y0279310D01*
X0083699Y0279274D01*
X0083852Y0279235D01*
X0084004Y0279192D01*
X0084155Y0279145D01*
X0084305Y0279094D01*
X0084454Y0279039D01*
X0084601Y0278981D01*
X0084747Y0278919D01*
X0084891Y0278854D01*
X0085033Y0278784D01*
X0085174Y0278712D01*
X0085313Y0278635D01*
X0085449Y0278556D01*
X0085584Y0278472D01*
X0085717Y0278386D01*
X0085847Y0278296D01*
X0085975Y0278203D01*
X0086101Y0278107D01*
X0086224Y0278007D01*
X0086345Y0277905D01*
X0086463Y0277800D01*
X0086578Y0277691D01*
X0086691Y0277580D01*
X0086801Y0277466D01*
X0086908Y0277349D01*
X0087012Y0277230D01*
X0087113Y0277108D01*
X0087210Y0276983D01*
X0087305Y0276856D01*
X0087396Y0276727D01*
X0087485Y0276596D01*
X0087569Y0276462D01*
X0087651Y0276326D01*
X0087729Y0276189D01*
X0087803Y0276049D01*
X0087874Y0275907D01*
X0087942Y0275764D01*
X0088006Y0275619D01*
X0088066Y0275473D01*
X0088122Y0275325D01*
X0088175Y0275176D01*
X0088224Y0275025D01*
X0088269Y0274873D01*
X0088310Y0274720D01*
X0088348Y0274567D01*
X0088381Y0274412D01*
X0088411Y0274256D01*
X0088437Y0274100D01*
X0088458Y0273943D01*
X0088476Y0273786D01*
X0088490Y0273628D01*
X0088500Y0273470D01*
X0088506Y0273312D01*
X0088508Y0273154D01*
X0088506Y0272996D01*
X0088500Y0272838D01*
X0088490Y0272680D01*
X0088476Y0272522D01*
X0088458Y0272365D01*
X0088437Y0272208D01*
X0088411Y0272052D01*
X0088381Y0271896D01*
X0088348Y0271741D01*
X0088310Y0271588D01*
X0088269Y0271435D01*
X0088224Y0271283D01*
X0088175Y0271132D01*
X0088122Y0270983D01*
X0088066Y0270835D01*
X0088006Y0270689D01*
X0087942Y0270544D01*
X0087874Y0270401D01*
X0087803Y0270259D01*
X0087729Y0270119D01*
X0087651Y0269982D01*
X0087569Y0269846D01*
X0087485Y0269712D01*
X0087396Y0269581D01*
X0087305Y0269452D01*
X0087210Y0269325D01*
X0087113Y0269200D01*
X0087012Y0269078D01*
X0086908Y0268959D01*
X0086801Y0268842D01*
X0086691Y0268728D01*
X0086578Y0268617D01*
X0086463Y0268508D01*
X0086345Y0268403D01*
X0086224Y0268301D01*
X0086101Y0268201D01*
X0085975Y0268105D01*
X0085847Y0268012D01*
X0085717Y0267922D01*
X0085584Y0267836D01*
X0085449Y0267752D01*
X0085313Y0267673D01*
X0085174Y0267596D01*
X0085033Y0267524D01*
X0084891Y0267454D01*
X0084747Y0267389D01*
X0084601Y0267327D01*
X0084454Y0267269D01*
X0084305Y0267214D01*
X0084155Y0267163D01*
X0084004Y0267116D01*
X0083852Y0267073D01*
X0083699Y0267034D01*
X0083544Y0266998D01*
X0083389Y0266967D01*
X0083233Y0266939D01*
X0083077Y0266915D01*
X0082920Y0266895D01*
X0082762Y0266879D01*
X0082605Y0266867D01*
X0082446Y0266859D01*
X0082288Y0266855D01*
X0082130Y0266855D01*
X0081972Y0266859D01*
X0081813Y0266867D01*
X0081656Y0266879D01*
X0081498Y0266895D01*
X0081341Y0266915D01*
X0081185Y0266939D01*
X0081029Y0266967D01*
X0080874Y0266998D01*
X0080719Y0267034D01*
X0080566Y0267073D01*
X0080414Y0267116D01*
X0080263Y0267163D01*
X0080113Y0267214D01*
X0079964Y0267269D01*
X0079817Y0267327D01*
X0079671Y0267389D01*
X0079527Y0267454D01*
X0079385Y0267524D01*
X0079244Y0267596D01*
X0079105Y0267673D01*
X0078969Y0267752D01*
X0078834Y0267836D01*
X0078701Y0267922D01*
X0078571Y0268012D01*
X0078443Y0268105D01*
X0078317Y0268201D01*
X0078194Y0268301D01*
X0078073Y0268403D01*
X0077955Y0268508D01*
X0077840Y0268617D01*
X0077727Y0268728D01*
X0077617Y0268842D01*
X0077510Y0268959D01*
X0077406Y0269078D01*
X0077305Y0269200D01*
X0077208Y0269325D01*
X0077113Y0269452D01*
X0077022Y0269581D01*
X0076933Y0269712D01*
X0076849Y0269846D01*
X0076767Y0269982D01*
X0076689Y0270119D01*
X0076615Y0270259D01*
X0076544Y0270401D01*
X0076476Y0270544D01*
X0076412Y0270689D01*
X0076352Y0270835D01*
X0076296Y0270983D01*
X0076243Y0271132D01*
X0076194Y0271283D01*
X0076149Y0271435D01*
X0076108Y0271588D01*
X0076070Y0271741D01*
X0076037Y0271896D01*
X0076007Y0272052D01*
X0075981Y0272208D01*
X0075960Y0272365D01*
X0075942Y0272522D01*
X0075928Y0272680D01*
X0075918Y0272838D01*
X0075912Y0272996D01*
X0075910Y0273154D01*
X0007012Y0273154D02*
X0007014Y0273312D01*
X0007020Y0273470D01*
X0007030Y0273628D01*
X0007044Y0273786D01*
X0007062Y0273943D01*
X0007083Y0274100D01*
X0007109Y0274256D01*
X0007139Y0274412D01*
X0007172Y0274567D01*
X0007210Y0274720D01*
X0007251Y0274873D01*
X0007296Y0275025D01*
X0007345Y0275176D01*
X0007398Y0275325D01*
X0007454Y0275473D01*
X0007514Y0275619D01*
X0007578Y0275764D01*
X0007646Y0275907D01*
X0007717Y0276049D01*
X0007791Y0276189D01*
X0007869Y0276326D01*
X0007951Y0276462D01*
X0008035Y0276596D01*
X0008124Y0276727D01*
X0008215Y0276856D01*
X0008310Y0276983D01*
X0008407Y0277108D01*
X0008508Y0277230D01*
X0008612Y0277349D01*
X0008719Y0277466D01*
X0008829Y0277580D01*
X0008942Y0277691D01*
X0009057Y0277800D01*
X0009175Y0277905D01*
X0009296Y0278007D01*
X0009419Y0278107D01*
X0009545Y0278203D01*
X0009673Y0278296D01*
X0009803Y0278386D01*
X0009936Y0278472D01*
X0010071Y0278556D01*
X0010207Y0278635D01*
X0010346Y0278712D01*
X0010487Y0278784D01*
X0010629Y0278854D01*
X0010773Y0278919D01*
X0010919Y0278981D01*
X0011066Y0279039D01*
X0011215Y0279094D01*
X0011365Y0279145D01*
X0011516Y0279192D01*
X0011668Y0279235D01*
X0011821Y0279274D01*
X0011976Y0279310D01*
X0012131Y0279341D01*
X0012287Y0279369D01*
X0012443Y0279393D01*
X0012600Y0279413D01*
X0012758Y0279429D01*
X0012915Y0279441D01*
X0013074Y0279449D01*
X0013232Y0279453D01*
X0013390Y0279453D01*
X0013548Y0279449D01*
X0013707Y0279441D01*
X0013864Y0279429D01*
X0014022Y0279413D01*
X0014179Y0279393D01*
X0014335Y0279369D01*
X0014491Y0279341D01*
X0014646Y0279310D01*
X0014801Y0279274D01*
X0014954Y0279235D01*
X0015106Y0279192D01*
X0015257Y0279145D01*
X0015407Y0279094D01*
X0015556Y0279039D01*
X0015703Y0278981D01*
X0015849Y0278919D01*
X0015993Y0278854D01*
X0016135Y0278784D01*
X0016276Y0278712D01*
X0016415Y0278635D01*
X0016551Y0278556D01*
X0016686Y0278472D01*
X0016819Y0278386D01*
X0016949Y0278296D01*
X0017077Y0278203D01*
X0017203Y0278107D01*
X0017326Y0278007D01*
X0017447Y0277905D01*
X0017565Y0277800D01*
X0017680Y0277691D01*
X0017793Y0277580D01*
X0017903Y0277466D01*
X0018010Y0277349D01*
X0018114Y0277230D01*
X0018215Y0277108D01*
X0018312Y0276983D01*
X0018407Y0276856D01*
X0018498Y0276727D01*
X0018587Y0276596D01*
X0018671Y0276462D01*
X0018753Y0276326D01*
X0018831Y0276189D01*
X0018905Y0276049D01*
X0018976Y0275907D01*
X0019044Y0275764D01*
X0019108Y0275619D01*
X0019168Y0275473D01*
X0019224Y0275325D01*
X0019277Y0275176D01*
X0019326Y0275025D01*
X0019371Y0274873D01*
X0019412Y0274720D01*
X0019450Y0274567D01*
X0019483Y0274412D01*
X0019513Y0274256D01*
X0019539Y0274100D01*
X0019560Y0273943D01*
X0019578Y0273786D01*
X0019592Y0273628D01*
X0019602Y0273470D01*
X0019608Y0273312D01*
X0019610Y0273154D01*
X0019608Y0272996D01*
X0019602Y0272838D01*
X0019592Y0272680D01*
X0019578Y0272522D01*
X0019560Y0272365D01*
X0019539Y0272208D01*
X0019513Y0272052D01*
X0019483Y0271896D01*
X0019450Y0271741D01*
X0019412Y0271588D01*
X0019371Y0271435D01*
X0019326Y0271283D01*
X0019277Y0271132D01*
X0019224Y0270983D01*
X0019168Y0270835D01*
X0019108Y0270689D01*
X0019044Y0270544D01*
X0018976Y0270401D01*
X0018905Y0270259D01*
X0018831Y0270119D01*
X0018753Y0269982D01*
X0018671Y0269846D01*
X0018587Y0269712D01*
X0018498Y0269581D01*
X0018407Y0269452D01*
X0018312Y0269325D01*
X0018215Y0269200D01*
X0018114Y0269078D01*
X0018010Y0268959D01*
X0017903Y0268842D01*
X0017793Y0268728D01*
X0017680Y0268617D01*
X0017565Y0268508D01*
X0017447Y0268403D01*
X0017326Y0268301D01*
X0017203Y0268201D01*
X0017077Y0268105D01*
X0016949Y0268012D01*
X0016819Y0267922D01*
X0016686Y0267836D01*
X0016551Y0267752D01*
X0016415Y0267673D01*
X0016276Y0267596D01*
X0016135Y0267524D01*
X0015993Y0267454D01*
X0015849Y0267389D01*
X0015703Y0267327D01*
X0015556Y0267269D01*
X0015407Y0267214D01*
X0015257Y0267163D01*
X0015106Y0267116D01*
X0014954Y0267073D01*
X0014801Y0267034D01*
X0014646Y0266998D01*
X0014491Y0266967D01*
X0014335Y0266939D01*
X0014179Y0266915D01*
X0014022Y0266895D01*
X0013864Y0266879D01*
X0013707Y0266867D01*
X0013548Y0266859D01*
X0013390Y0266855D01*
X0013232Y0266855D01*
X0013074Y0266859D01*
X0012915Y0266867D01*
X0012758Y0266879D01*
X0012600Y0266895D01*
X0012443Y0266915D01*
X0012287Y0266939D01*
X0012131Y0266967D01*
X0011976Y0266998D01*
X0011821Y0267034D01*
X0011668Y0267073D01*
X0011516Y0267116D01*
X0011365Y0267163D01*
X0011215Y0267214D01*
X0011066Y0267269D01*
X0010919Y0267327D01*
X0010773Y0267389D01*
X0010629Y0267454D01*
X0010487Y0267524D01*
X0010346Y0267596D01*
X0010207Y0267673D01*
X0010071Y0267752D01*
X0009936Y0267836D01*
X0009803Y0267922D01*
X0009673Y0268012D01*
X0009545Y0268105D01*
X0009419Y0268201D01*
X0009296Y0268301D01*
X0009175Y0268403D01*
X0009057Y0268508D01*
X0008942Y0268617D01*
X0008829Y0268728D01*
X0008719Y0268842D01*
X0008612Y0268959D01*
X0008508Y0269078D01*
X0008407Y0269200D01*
X0008310Y0269325D01*
X0008215Y0269452D01*
X0008124Y0269581D01*
X0008035Y0269712D01*
X0007951Y0269846D01*
X0007869Y0269982D01*
X0007791Y0270119D01*
X0007717Y0270259D01*
X0007646Y0270401D01*
X0007578Y0270544D01*
X0007514Y0270689D01*
X0007454Y0270835D01*
X0007398Y0270983D01*
X0007345Y0271132D01*
X0007296Y0271283D01*
X0007251Y0271435D01*
X0007210Y0271588D01*
X0007172Y0271741D01*
X0007139Y0271896D01*
X0007109Y0272052D01*
X0007083Y0272208D01*
X0007062Y0272365D01*
X0007044Y0272522D01*
X0007030Y0272680D01*
X0007020Y0272838D01*
X0007014Y0272996D01*
X0007012Y0273154D01*
M02*
